0 verbose cli C:\Program Files\nodejs\node.exe C:\Users\pbrya\AppData\Roaming\npm\node_modules\npm\bin\npm-cli.js
1 info using npm@11.11.0
2 info using node@v24.12.0
3 silly config load:file:C:\Users\pbrya\AppData\Roaming\npm\node_modules\npm\npmrc
4 silly config load:file:C:\Users\pbrya\OneDrive\Documents\GitHub\GRADES-AND-ASSESSMENT-MANAGEMENT-SYSTEM\.npmrc
5 silly config load:file:C:\Users\pbrya\.npmrc
6 silly config load:file:C:\Users\pbrya\AppData\Roaming\npm\etc\npmrc
7 verbose title npm audit
8 verbose argv "audit"
9 verbose logfile logs-max:10 dir:C:\Users\pbrya\OneDrive\Documents\GitHub\GRADES-AND-ASSESSMENT-MANAGEMENT-SYSTEM\.npm-cache\_logs\2026-03-08T15_17_05_052Z-
10 verbose logfile C:\Users\pbrya\OneDrive\Documents\GitHub\GRADES-AND-ASSESSMENT-MANAGEMENT-SYSTEM\.npm-cache\_logs\2026-03-08T15_17_05_052Z-debug-0.log
11 silly logfile done cleaning log files
12 silly packumentCache heap:4496293888 maxSize:1124073472 maxEntrySize:562036736
13 silly audit bulk request {
13 silly audit   '@adobe/css-tools': [ '4.4.4' ],
13 silly audit   '@alloc/quick-lru': [ '5.2.0' ],
13 silly audit   '@babel/code-frame': [ '7.29.0' ],
13 silly audit   '@babel/compat-data': [ '7.29.0' ],
13 silly audit   '@babel/core': [ '7.29.0' ],
13 silly audit   '@babel/generator': [ '7.29.1' ],
13 silly audit   '@babel/helper-compilation-targets': [ '7.28.6' ],
13 silly audit   '@babel/helper-globals': [ '7.28.0' ],
13 silly audit   '@babel/helper-module-imports': [ '7.28.6' ],
13 silly audit   '@babel/helper-module-transforms': [ '7.28.6' ],
13 silly audit   '@babel/helper-plugin-utils': [ '7.28.6' ],
13 silly audit   '@babel/helper-string-parser': [ '7.27.1' ],
13 silly audit   '@babel/helper-validator-identifier': [ '7.28.5' ],
13 silly audit   '@babel/helper-validator-option': [ '7.27.1' ],
13 silly audit   '@babel/helpers': [ '7.28.6' ],
13 silly audit   '@babel/parser': [ '7.29.0' ],
13 silly audit   '@babel/plugin-syntax-async-generators': [ '7.8.4' ],
13 silly audit   '@babel/plugin-syntax-bigint': [ '7.8.3' ],
13 silly audit   '@babel/plugin-syntax-class-properties': [ '7.12.13' ],
13 silly audit   '@babel/plugin-syntax-class-static-block': [ '7.14.5' ],
13 silly audit   '@babel/plugin-syntax-import-attributes': [ '7.28.6' ],
13 silly audit   '@babel/plugin-syntax-import-meta': [ '7.10.4' ],
13 silly audit   '@babel/plugin-syntax-json-strings': [ '7.8.3' ],
13 silly audit   '@babel/plugin-syntax-jsx': [ '7.28.6' ],
13 silly audit   '@babel/plugin-syntax-logical-assignment-operators': [ '7.10.4' ],
13 silly audit   '@babel/plugin-syntax-nullish-coalescing-operator': [ '7.8.3' ],
13 silly audit   '@babel/plugin-syntax-numeric-separator': [ '7.10.4' ],
13 silly audit   '@babel/plugin-syntax-object-rest-spread': [ '7.8.3' ],
13 silly audit   '@babel/plugin-syntax-optional-catch-binding': [ '7.8.3' ],
13 silly audit   '@babel/plugin-syntax-optional-chaining': [ '7.8.3' ],
13 silly audit   '@babel/plugin-syntax-private-property-in-object': [ '7.14.5' ],
13 silly audit   '@babel/plugin-syntax-top-level-await': [ '7.14.5' ],
13 silly audit   '@babel/plugin-syntax-typescript': [ '7.28.6' ],
13 silly audit   '@babel/runtime': [ '7.28.6' ],
13 silly audit   '@babel/template': [ '7.28.6' ],
13 silly audit   '@babel/traverse': [ '7.29.0' ],
13 silly audit   '@babel/types': [ '7.29.0' ],
13 silly audit   '@bcoe/v8-coverage': [ '0.2.3' ],
13 silly audit   '@emnapi/core': [ '1.8.1' ],
13 silly audit   '@emnapi/runtime': [ '1.8.1' ],
13 silly audit   '@emnapi/wasi-threads': [ '1.1.0' ],
13 silly audit   '@eslint-community/eslint-utils': [ '4.9.1' ],
13 silly audit   'eslint-visitor-keys': [ '3.4.3', '5.0.1', '4.2.1' ],
13 silly audit   '@eslint-community/regexpp': [ '4.12.2' ],
13 silly audit   '@eslint/config-array': [ '0.21.2' ],
13 silly audit   '@eslint/config-helpers': [ '0.4.2' ],
13 silly audit   '@eslint/core': [ '0.17.0' ],
13 silly audit   '@eslint/eslintrc': [ '3.3.5' ],
13 silly audit   '@eslint/js': [ '9.39.4' ],
13 silly audit   '@eslint/object-schema': [ '2.1.7' ],
13 silly audit   '@eslint/plugin-kit': [ '0.4.1' ],
13 silly audit   '@fastify/busboy': [ '3.2.0' ],
13 silly audit   '@firebase/ai': [ '2.9.0' ],
13 silly audit   '@firebase/analytics': [ '0.10.20' ],
13 silly audit   '@firebase/analytics-compat': [ '0.2.26' ],
13 silly audit   '@firebase/analytics-types': [ '0.8.3' ],
13 silly audit   '@firebase/app': [ '0.14.9' ],
13 silly audit   '@firebase/app-check': [ '0.11.1' ],
13 silly audit   '@firebase/app-check-compat': [ '0.4.1' ],
13 silly audit   '@firebase/app-check-interop-types': [ '0.3.3' ],
13 silly audit   '@firebase/app-check-types': [ '0.5.3' ],
13 silly audit   '@firebase/app-compat': [ '0.5.9' ],
13 silly audit   '@firebase/app-types': [ '0.9.3' ],
13 silly audit   '@firebase/auth-compat': [ '0.6.3' ],
13 silly audit   '@firebase/auth': [ '1.12.1' ],
13 silly audit   '@firebase/auth-interop-types': [ '0.2.4' ],
13 silly audit   '@firebase/auth-types': [ '0.13.0' ],
13 silly audit   '@firebase/component': [ '0.7.1' ],
13 silly audit   '@firebase/data-connect': [ '0.4.0' ],
13 silly audit   '@firebase/database': [ '1.1.1' ],
13 silly audit   '@firebase/database-compat': [ '2.1.1' ],
13 silly audit   '@firebase/database-types': [ '1.0.17' ],
13 silly audit   '@firebase/firestore': [ '4.12.0' ],
13 silly audit   '@firebase/firestore-compat': [ '0.4.6' ],
13 silly audit   '@firebase/firestore-types': [ '3.0.3' ],
13 silly audit   '@grpc/grpc-js': [ '1.9.15', '1.14.3' ],
13 silly audit   '@grpc/proto-loader': [ '0.7.15', '0.8.0' ],
13 silly audit   '@firebase/functions': [ '0.13.2' ],
13 silly audit   '@firebase/functions-compat': [ '0.4.2' ],
13 silly audit   '@firebase/functions-types': [ '0.6.3' ],
13 silly audit   '@firebase/installations': [ '0.6.20' ],
13 silly audit   '@firebase/installations-compat': [ '0.2.20' ],
13 silly audit   '@firebase/installations-types': [ '0.5.3' ],
13 silly audit   '@firebase/logger': [ '0.5.0' ],
13 silly audit   '@firebase/messaging': [ '0.12.24' ],
13 silly audit   '@firebase/messaging-compat': [ '0.2.24' ],
13 silly audit   '@firebase/messaging-interop-types': [ '0.2.3' ],
13 silly audit   '@firebase/performance': [ '0.7.10' ],
13 silly audit   '@firebase/performance-compat': [ '0.2.23' ],
13 silly audit   '@firebase/performance-types': [ '0.2.3' ],
13 silly audit   '@firebase/remote-config': [ '0.8.1' ],
13 silly audit   '@firebase/remote-config-compat': [ '0.2.22' ],
13 silly audit   '@firebase/remote-config-types': [ '0.5.0' ],
13 silly audit   '@firebase/storage': [ '0.14.1' ],
13 silly audit   '@firebase/storage-compat': [ '0.4.1' ],
13 silly audit   '@firebase/storage-types': [ '0.8.3' ],
13 silly audit   '@firebase/util': [ '1.14.0' ],
13 silly audit   '@firebase/webchannel-wrapper': [ '1.0.5' ],
13 silly audit   '@google-cloud/firestore': [ '7.11.6' ],
13 silly audit   '@google-cloud/paginator': [ '5.0.2' ],
13 silly audit   '@google-cloud/projectify': [ '4.0.0' ],
13 silly audit   '@google-cloud/promisify': [ '4.0.0' ],
13 silly audit   '@google-cloud/storage': [ '7.19.0' ],
13 silly audit   'gcp-metadata': [ '6.1.1', '8.1.2' ],
13 silly audit   'google-auth-library': [ '9.15.1', '10.6.1' ],
13 silly audit   'google-logging-utils': [ '0.0.2', '1.1.3' ],
13 silly audit   uuid: [ '8.3.2', '9.0.1', '11.1.0' ],
13 silly audit   '@humanfs/core': [ '0.19.1' ],
13 silly audit   '@humanfs/node': [ '0.16.7' ],
13 silly audit   '@humanwhocodes/module-importer': [ '1.0.1' ],
13 silly audit   '@humanwhocodes/retry': [ '0.4.3' ],
13 silly audit   '@img/colour': [ '1.1.0' ],
13 silly audit   '@img/sharp-darwin-arm64': [ '0.34.5' ],
13 silly audit   '@img/sharp-darwin-x64': [ '0.34.5' ],
13 silly audit   '@img/sharp-libvips-darwin-arm64': [ '1.2.4' ],
13 silly audit   '@img/sharp-libvips-darwin-x64': [ '1.2.4' ],
13 silly audit   '@img/sharp-libvips-linux-arm': [ '1.2.4' ],
13 silly audit   '@img/sharp-libvips-linux-arm64': [ '1.2.4' ],
13 silly audit   '@img/sharp-libvips-linux-ppc64': [ '1.2.4' ],
13 silly audit   '@img/sharp-libvips-linux-riscv64': [ '1.2.4' ],
13 silly audit   '@img/sharp-libvips-linux-s390x': [ '1.2.4' ],
13 silly audit   '@img/sharp-libvips-linux-x64': [ '1.2.4' ],
13 silly audit   '@img/sharp-libvips-linuxmusl-arm64': [ '1.2.4' ],
13 silly audit   '@img/sharp-libvips-linuxmusl-x64': [ '1.2.4' ],
13 silly audit   '@img/sharp-linux-arm': [ '0.34.5' ],
13 silly audit   '@img/sharp-linux-arm64': [ '0.34.5' ],
13 silly audit   '@img/sharp-linux-ppc64': [ '0.34.5' ],
13 silly audit   '@img/sharp-linux-riscv64': [ '0.34.5' ],
13 silly audit   '@img/sharp-linux-s390x': [ '0.34.5' ],
13 silly audit   '@img/sharp-linux-x64': [ '0.34.5' ],
13 silly audit   '@img/sharp-linuxmusl-arm64': [ '0.34.5' ],
13 silly audit   '@img/sharp-linuxmusl-x64': [ '0.34.5' ],
13 silly audit   '@img/sharp-wasm32': [ '0.34.5' ],
13 silly audit   '@img/sharp-win32-arm64': [ '0.34.5' ],
13 silly audit   '@img/sharp-win32-ia32': [ '0.34.5' ],
13 silly audit   '@img/sharp-win32-x64': [ '0.34.5' ],
13 silly audit   '@isaacs/cliui': [ '8.0.2' ],
13 silly audit   'ansi-regex': [ '6.2.2', '5.0.1' ],
13 silly audit   'ansi-styles': [ '6.2.3', '5.2.0', '4.3.0' ],
13 silly audit   'string-width': [ '5.1.2', '4.2.3' ],
13 silly audit   'strip-ansi': [ '7.2.0', '6.0.1' ],
13 silly audit   'wrap-ansi': [ '8.1.0', '7.0.0' ],
13 silly audit   '@istanbuljs/load-nyc-config': [ '1.1.0' ],
13 silly audit   argparse: [ '1.0.10', '2.0.1' ],
13 silly audit   'find-up': [ '4.1.0', '5.0.0' ],
13 silly audit   'js-yaml': [ '3.14.2', '4.1.1' ],
13 silly audit   'locate-path': [ '5.0.0', '6.0.0' ],
13 silly audit   'p-limit': [ '2.3.0', '3.1.0' ],
13 silly audit   'p-locate': [ '4.1.0', '5.0.0' ],
13 silly audit   'resolve-from': [ '5.0.0', '4.0.0' ],
13 silly audit   '@istanbuljs/schema': [ '0.1.3' ],
13 silly audit   '@jest/console': [ '29.7.0' ],
13 silly audit   '@jest/core': [ '29.7.0' ],
13 silly audit   'pretty-format': [ '29.7.0', '27.5.1' ],
13 silly audit   'react-is': [ '18.3.1', '16.13.1', '17.0.2' ],
13 silly audit   '@jest/environment': [ '29.7.0' ],
13 silly audit   '@jest/expect': [ '29.7.0' ],
13 silly audit   '@jest/expect-utils': [ '29.7.0' ],
13 silly audit   '@jest/fake-timers': [ '29.7.0' ],
13 silly audit   '@jest/globals': [ '29.7.0' ],
13 silly audit   '@jest/reporters': [ '29.7.0' ],
13 silly audit   '@jest/schemas': [ '29.6.3' ],
13 silly audit   '@jest/source-map': [ '29.6.3' ],
13 silly audit   '@jest/test-result': [ '29.7.0' ],
13 silly audit   '@jest/test-sequencer': [ '29.7.0' ],
13 silly audit   '@jest/transform': [ '29.7.0' ],
13 silly audit   '@jest/types': [ '29.6.3' ],
13 silly audit   '@jridgewell/gen-mapping': [ '0.3.13' ],
13 silly audit   '@jridgewell/remapping': [ '2.3.5' ],
13 silly audit   '@jridgewell/resolve-uri': [ '3.1.2' ],
13 silly audit   '@jridgewell/sourcemap-codec': [ '1.5.5' ],
13 silly audit   '@jridgewell/trace-mapping': [ '0.3.31' ],
13 silly audit   '@js-sdsl/ordered-map': [ '4.4.2' ],
13 silly audit   '@kurkle/color': [ '0.3.4' ],
13 silly audit   '@napi-rs/wasm-runtime': [ '0.2.12' ],
13 silly audit   '@next/env': [ '16.1.6' ],
13 silly audit   '@next/eslint-plugin-next': [ '16.1.6' ],
13 silly audit   '@next/swc-darwin-arm64': [ '16.1.6' ],
13 silly audit   '@next/swc-darwin-x64': [ '16.1.6' ],
13 silly audit   '@next/swc-linux-arm64-gnu': [ '16.1.6' ],
13 silly audit   '@next/swc-linux-arm64-musl': [ '16.1.6' ],
13 silly audit   '@next/swc-linux-x64-gnu': [ '16.1.6' ],
13 silly audit   '@next/swc-linux-x64-musl': [ '16.1.6' ],
13 silly audit   '@next/swc-win32-arm64-msvc': [ '16.1.6' ],
13 silly audit   '@next/swc-win32-x64-msvc': [ '16.1.6' ],
13 silly audit   '@nodelib/fs.scandir': [ '2.1.5' ],
13 silly audit   '@nodelib/fs.stat': [ '2.0.5' ],
13 silly audit   '@nodelib/fs.walk': [ '1.2.8' ],
13 silly audit   '@nolyfill/is-core-module': [ '1.0.39' ],
13 silly audit   '@opentelemetry/api': [ '1.9.0' ],
13 silly audit   '@pkgjs/parseargs': [ '0.11.0' ],
13 silly audit   '@protobufjs/aspromise': [ '1.1.2' ],
13 silly audit   '@protobufjs/base64': [ '1.1.2' ],
13 silly audit   '@protobufjs/codegen': [ '2.0.4' ],
13 silly audit   '@protobufjs/eventemitter': [ '1.1.0' ],
13 silly audit   '@protobufjs/fetch': [ '1.1.0' ],
13 silly audit   '@protobufjs/float': [ '1.0.2' ],
13 silly audit   '@protobufjs/inquire': [ '1.1.0' ],
13 silly audit   '@protobufjs/path': [ '1.1.2' ],
13 silly audit   '@protobufjs/pool': [ '1.1.0' ],
13 silly audit   '@protobufjs/utf8': [ '1.1.0' ],
13 silly audit   '@rtsao/scc': [ '1.1.0' ],
13 silly audit   '@sinclair/typebox': [ '0.27.10' ],
13 silly audit   '@sinonjs/commons': [ '3.0.1' ],
13 silly audit   '@sinonjs/fake-timers': [ '10.3.0' ],
13 silly audit   '@swc/helpers': [ '0.5.15' ],
13 silly audit   '@tanstack-query-firebase/react': [ '2.1.1' ],
13 silly audit   '@tanstack/query-core': [ '5.90.20' ],
13 silly audit   '@tanstack/react-query': [ '5.90.21' ],
13 silly audit   '@testing-library/dom': [ '9.3.4' ],
13 silly audit   'aria-query': [ '5.1.3', '5.3.2' ],
13 silly audit   'dom-accessibility-api': [ '0.5.16', '0.6.3' ],
13 silly audit   '@testing-library/jest-dom': [ '6.9.1' ],
13 silly audit   '@testing-library/react': [ '14.3.1' ],
13 silly audit   '@tootallnate/once': [ '2.0.0' ],
13 silly audit   '@tybys/wasm-util': [ '0.10.1' ],
13 silly audit   '@types/aria-query': [ '5.0.4' ],
13 silly audit   '@types/babel__core': [ '7.20.5' ],
13 silly audit   '@types/babel__generator': [ '7.27.0' ],
13 silly audit   '@types/babel__template': [ '7.4.4' ],
13 silly audit   '@types/babel__traverse': [ '7.28.0' ],
13 silly audit   '@types/caseless': [ '0.12.5' ],
13 silly audit   '@types/d3-array': [ '3.2.2' ],
13 silly audit   '@types/d3-color': [ '3.1.3' ],
13 silly audit   '@types/d3-ease': [ '3.0.2' ],
13 silly audit   '@types/d3-interpolate': [ '3.0.4' ],
13 silly audit   '@types/d3-path': [ '3.1.1' ],
13 silly audit   '@types/d3-scale': [ '4.0.9' ],
13 silly audit   '@types/d3-shape': [ '3.1.8' ],
13 silly audit   '@types/d3-time': [ '3.0.4' ],
13 silly audit   '@types/d3-timer': [ '3.0.2' ],
13 silly audit   '@types/estree': [ '1.0.8' ],
13 silly audit   '@types/graceful-fs': [ '4.1.9' ],
13 silly audit   '@types/istanbul-lib-coverage': [ '2.0.6' ],
13 silly audit   '@types/istanbul-lib-report': [ '3.0.3' ],
13 silly audit   '@types/istanbul-reports': [ '3.0.4' ],
13 silly audit   '@types/json-schema': [ '7.0.15' ],
13 silly audit   '@types/json5': [ '0.0.29' ],
13 silly audit   '@types/jsonwebtoken': [ '9.0.10' ],
13 silly audit   '@types/long': [ '4.0.2' ],
13 silly audit   '@types/ms': [ '2.1.0' ],
13 silly audit   '@types/node': [ '20.19.37' ],
13 silly audit   '@types/pako': [ '2.0.4' ],
13 silly audit   '@types/prop-types': [ '15.7.15' ],
13 silly audit   '@types/raf': [ '3.4.3' ],
13 silly audit   '@types/react': [ '18.3.28' ],
13 silly audit   '@types/react-dom': [ '18.3.7' ],
13 silly audit   '@types/request': [ '2.48.13' ],
13 silly audit   'form-data': [ '2.5.5', '4.0.5' ],
13 silly audit   '@types/stack-utils': [ '2.0.3' ],
13 silly audit   '@types/tough-cookie': [ '4.0.5' ],
13 silly audit   '@types/trusted-types': [ '2.0.7' ],
13 silly audit   '@types/yargs': [ '17.0.35' ],
13 silly audit   '@types/yargs-parser': [ '21.0.3' ],
13 silly audit   '@typescript-eslint/eslint-plugin': [ '8.56.1' ],
13 silly audit   ignore: [ '7.0.5', '5.3.2' ],
13 silly audit   '@typescript-eslint/parser': [ '8.56.1' ],
13 silly audit   '@typescript-eslint/project-service': [ '8.56.1' ],
13 silly audit   '@typescript-eslint/scope-manager': [ '8.56.1' ],
13 silly audit   '@typescript-eslint/tsconfig-utils': [ '8.56.1' ],
13 silly audit   '@typescript-eslint/type-utils': [ '8.56.1' ],
13 silly audit   '@typescript-eslint/types': [ '8.56.1' ],
13 silly audit   '@typescript-eslint/typescript-estree': [ '8.56.1' ],
13 silly audit   'balanced-match': [ '4.0.4', '1.0.2' ],
13 silly audit   'brace-expansion': [ '5.0.4', '1.1.12', '2.0.2' ],
13 silly audit   minimatch: [ '10.2.4', '3.1.5', '9.0.9' ],
13 silly audit   semver: [ '7.7.4', '6.3.1' ],
13 silly audit   '@typescript-eslint/utils': [ '8.56.1' ],
13 silly audit   '@typescript-eslint/visitor-keys': [ '8.56.1' ],
13 silly audit   '@unrs/resolver-binding-android-arm-eabi': [ '1.11.1' ],
13 silly audit   '@unrs/resolver-binding-android-arm64': [ '1.11.1' ],
13 silly audit   '@unrs/resolver-binding-darwin-arm64': [ '1.11.1' ],
13 silly audit   '@unrs/resolver-binding-darwin-x64': [ '1.11.1' ],
13 silly audit   '@unrs/resolver-binding-freebsd-x64': [ '1.11.1' ],
13 silly audit   '@unrs/resolver-binding-linux-arm-gnueabihf': [ '1.11.1' ],
13 silly audit   '@unrs/resolver-binding-linux-arm-musleabihf': [ '1.11.1' ],
13 silly audit   '@unrs/resolver-binding-linux-arm64-gnu': [ '1.11.1' ],
13 silly audit   '@unrs/resolver-binding-linux-arm64-musl': [ '1.11.1' ],
13 silly audit   '@unrs/resolver-binding-linux-ppc64-gnu': [ '1.11.1' ],
13 silly audit   '@unrs/resolver-binding-linux-riscv64-gnu': [ '1.11.1' ],
13 silly audit   '@unrs/resolver-binding-linux-riscv64-musl': [ '1.11.1' ],
13 silly audit   '@unrs/resolver-binding-linux-s390x-gnu': [ '1.11.1' ],
13 silly audit   '@unrs/resolver-binding-linux-x64-gnu': [ '1.11.1' ],
13 silly audit   '@unrs/resolver-binding-linux-x64-musl': [ '1.11.1' ],
13 silly audit   '@unrs/resolver-binding-wasm32-wasi': [ '1.11.1' ],
13 silly audit   '@unrs/resolver-binding-win32-arm64-msvc': [ '1.11.1' ],
13 silly audit   '@unrs/resolver-binding-win32-ia32-msvc': [ '1.11.1' ],
13 silly audit   '@unrs/resolver-binding-win32-x64-msvc': [ '1.11.1' ],
13 silly audit   'abort-controller': [ '3.0.0' ],
13 silly audit   acorn: [ '8.16.0' ],
13 silly audit   'acorn-jsx': [ '5.3.2' ],
13 silly audit   'agent-base': [ '7.1.4', '6.0.2' ],
13 silly audit   ajv: [ '6.14.0' ],
13 silly audit   'ansi-escapes': [ '4.3.2' ],
13 silly audit   'any-promise': [ '1.3.0' ],
13 silly audit   anymatch: [ '3.1.3' ],
13 silly audit   arg: [ '5.0.2' ],
13 silly audit   'array-buffer-byte-length': [ '1.0.2' ],
13 silly audit   'array-includes': [ '3.1.9' ],
13 silly audit   'array.prototype.findlast': [ '1.2.5' ],
13 silly audit   'array.prototype.findlastindex': [ '1.2.6' ],
13 silly audit   'array.prototype.flat': [ '1.3.3' ],
13 silly audit   'array.prototype.flatmap': [ '1.3.3' ],
13 silly audit   'array.prototype.tosorted': [ '1.1.4' ],
13 silly audit   'arraybuffer.prototype.slice': [ '1.0.4' ],
13 silly audit   arrify: [ '2.0.1' ],
13 silly audit   'ast-types-flow': [ '0.0.8' ],
13 silly audit   'async-function': [ '1.0.0' ],
13 silly audit   'async-retry': [ '1.3.3' ],
13 silly audit   asynckit: [ '0.4.0' ],
13 silly audit   autoprefixer: [ '10.4.27' ],
13 silly audit   'available-typed-arrays': [ '1.0.7' ],
13 silly audit   'axe-core': [ '4.11.1' ],
13 silly audit   axios: [ '1.13.6' ],
13 silly audit   'axobject-query': [ '4.1.0' ],
13 silly audit   'babel-jest': [ '29.7.0' ],
13 silly audit   'babel-plugin-istanbul': [ '6.1.1' ],
13 silly audit   'istanbul-lib-instrument': [ '5.2.1', '6.0.3' ],
13 silly audit   'babel-plugin-jest-hoist': [ '29.6.3' ],
13 silly audit   'babel-preset-current-node-syntax': [ '1.2.0' ],
13 silly audit   'babel-preset-jest': [ '29.6.3' ],
13 silly audit   'base64-arraybuffer': [ '1.0.2' ],
13 silly audit   'base64-js': [ '1.5.1' ],
13 silly audit   'baseline-browser-mapping': [ '2.10.0' ],
13 silly audit   bash: [ '0.0.1' ],
13 silly audit   'bignumber.js': [ '9.3.1' ],
13 silly audit   'binary-extensions': [ '2.3.0' ],
13 silly audit   braces: [ '3.0.3' ],
13 silly audit   browserslist: [ '4.28.1' ],
13 silly audit   bser: [ '2.1.1' ],
13 silly audit   'buffer-equal-constant-time': [ '1.0.1' ],
13 silly audit   'buffer-from': [ '1.1.2' ],
13 silly audit   'call-bind': [ '1.0.8' ],
13 silly audit   'call-bind-apply-helpers': [ '1.0.2' ],
13 silly audit   'call-bound': [ '1.0.4' ],
13 silly audit   callsites: [ '3.1.0' ],
13 silly audit   camelcase: [ '5.3.1', '6.3.0' ],
13 silly audit   'camelcase-css': [ '2.0.1' ],
13 silly audit   'caniuse-lite': [ '1.0.30001777' ],
13 silly audit   canvg: [ '3.0.11' ],
13 silly audit   chalk: [ '4.1.2' ],
13 silly audit   'char-regex': [ '1.0.2' ],
13 silly audit   'chart.js': [ '4.5.1' ],
13 silly audit   chokidar: [ '3.6.0' ],
13 silly audit   'glob-parent': [ '5.1.2', '6.0.2' ],
13 silly audit   'ci-info': [ '3.9.0' ],
13 silly audit   'cjs-module-lexer': [ '1.4.3' ],
13 silly audit   'class-variance-authority': [ '0.7.1' ],
13 silly audit   'client-only': [ '0.0.1' ],
13 silly audit   cliui: [ '8.0.1' ],
13 silly audit   clsx: [ '2.1.1' ],
13 silly audit   co: [ '4.6.0' ],
13 silly audit   'collect-v8-coverage': [ '1.0.3' ],
13 silly audit   'color-convert': [ '2.0.1' ],
13 silly audit   'color-name': [ '1.1.4' ],
13 silly audit   'combined-stream': [ '1.0.8' ],
13 silly audit   commander: [ '4.1.1' ],
13 silly audit   'concat-map': [ '0.0.1' ],
13 silly audit   'convert-source-map': [ '2.0.0' ],
13 silly audit   'core-js': [ '3.48.0' ],
13 silly audit   'create-jest': [ '29.7.0' ],
13 silly audit   'cross-spawn': [ '7.0.6' ],
13 silly audit   'css-line-break': [ '2.1.0' ],
13 silly audit   'css.escape': [ '1.5.1' ],
13 silly audit   cssesc: [ '3.0.0' ],
13 silly audit   csstype: [ '3.2.3' ],
13 silly audit   'd3-array': [ '3.2.4' ],
13 silly audit   'd3-color': [ '3.1.0' ],
13 silly audit   'd3-ease': [ '3.0.1' ],
13 silly audit   'd3-format': [ '3.1.2' ],
13 silly audit   'd3-interpolate': [ '3.0.1' ],
13 silly audit   'd3-path': [ '3.1.0' ],
13 silly audit   'd3-scale': [ '4.0.2' ],
13 silly audit   'd3-shape': [ '3.2.0' ],
13 silly audit   'd3-time': [ '3.1.0' ],
13 silly audit   'd3-time-format': [ '4.1.0' ],
13 silly audit   'd3-timer': [ '3.0.1' ],
13 silly audit   'damerau-levenshtein': [ '1.0.8' ],
13 silly audit   'data-uri-to-buffer': [ '4.0.1' ],
13 silly audit   'data-view-buffer': [ '1.0.2' ],
13 silly audit   'data-view-byte-length': [ '1.0.2' ],
13 silly audit   'data-view-byte-offset': [ '1.0.1' ],
13 silly audit   'date-fns': [ '2.30.0' ],
13 silly audit   debug: [ '4.4.3', '3.2.7' ],
13 silly audit   'decimal.js-light': [ '2.5.1' ],
13 silly audit   dedent: [ '1.7.2' ],
13 silly audit   'deep-equal': [ '2.2.3' ],
13 silly audit   'deep-is': [ '0.1.4' ],
13 silly audit   deepmerge: [ '4.3.1' ],
13 silly audit   'define-data-property': [ '1.1.4' ],
13 silly audit   'define-properties': [ '1.2.1' ],
13 silly audit   'delayed-stream': [ '1.0.0' ],
13 silly audit   'detect-libc': [ '2.1.2' ],
13 silly audit   'detect-newline': [ '3.1.0' ],
13 silly audit   didyoumean: [ '1.2.2' ],
13 silly audit   'diff-sequences': [ '29.6.3' ],
13 silly audit   dlv: [ '1.1.3' ],
13 silly audit   doctrine: [ '2.1.0' ],
13 silly audit   'dom-helpers': [ '5.2.1' ],
13 silly audit   dompurify: [ '3.3.2' ],
13 silly audit   dotenv: [ '17.3.1' ],
13 silly audit   'dunder-proto': [ '1.0.1' ],
13 silly audit   duplexify: [ '4.1.3' ],
13 silly audit   eastasianwidth: [ '0.2.0' ],
13 silly audit   'ecdsa-sig-formatter': [ '1.0.11' ],
13 silly audit   'electron-to-chromium': [ '1.5.307' ],
13 silly audit   emittery: [ '0.13.1' ],
13 silly audit   'emoji-regex': [ '9.2.2', '8.0.0' ],
13 silly audit   'end-of-stream': [ '1.4.5' ],
13 silly audit   'error-ex': [ '1.3.4' ],
13 silly audit   'es-abstract': [ '1.24.1' ],
13 silly audit   'es-define-property': [ '1.0.1' ],
13 silly audit   'es-errors': [ '1.3.0' ],
13 silly audit   'es-get-iterator': [ '1.1.3' ],
13 silly audit   'es-iterator-helpers': [ '1.2.2' ],
13 silly audit   'es-object-atoms': [ '1.1.1' ],
13 silly audit   'es-set-tostringtag': [ '2.1.0' ],
13 silly audit   'es-shim-unscopables': [ '1.1.0' ],
13 silly audit   'es-to-primitive': [ '1.3.0' ],
13 silly audit   escalade: [ '3.2.0' ],
13 silly audit   'escape-string-regexp': [ '4.0.0', '2.0.0' ],
13 silly audit   eslint: [ '9.39.4' ],
13 silly audit   'eslint-config-next': [ '16.1.6' ],
13 silly audit   globals: [ '16.4.0', '14.0.0' ],
13 silly audit   'eslint-import-resolver-node': [ '0.3.9' ],
13 silly audit   'eslint-import-resolver-typescript': [ '3.10.1' ],
13 silly audit   'eslint-module-utils': [ '2.12.1' ],
13 silly audit   'eslint-plugin-import': [ '2.32.0' ],
13 silly audit   'eslint-plugin-jsx-a11y': [ '6.10.2' ],
13 silly audit   'eslint-plugin-react': [ '7.37.5' ],
13 silly audit   'eslint-plugin-react-hooks': [ '7.0.1' ],
13 silly audit   resolve: [ '2.0.0-next.6', '1.22.11' ],
13 silly audit   'eslint-scope': [ '8.4.0' ],
13 silly audit   espree: [ '10.4.0' ],
13 silly audit   esprima: [ '4.0.1' ],
13 silly audit   esquery: [ '1.7.0' ],
13 silly audit   esrecurse: [ '4.3.0' ],
13 silly audit   estraverse: [ '5.3.0' ],
13 silly audit   esutils: [ '2.0.3' ],
13 silly audit   'event-target-shim': [ '5.0.1' ],
13 silly audit   eventemitter3: [ '4.0.7' ],
13 silly audit   execa: [ '5.1.1' ],
13 silly audit   exit: [ '0.1.2' ],
13 silly audit   expect: [ '29.7.0' ],
13 silly audit   extend: [ '3.0.2' ],
13 silly audit   'farmhash-modern': [ '1.1.0' ],
13 silly audit   'fast-deep-equal': [ '3.1.3' ],
13 silly audit   'fast-equals': [ '5.4.0' ],
13 silly audit   'fast-glob': [ '3.3.1', '3.3.3' ],
13 silly audit   'fast-json-stable-stringify': [ '2.1.0' ],
13 silly audit   'fast-levenshtein': [ '2.0.6' ],
13 silly audit   'fast-png': [ '6.4.0' ],
13 silly audit   'fast-xml-builder': [ '1.0.0' ],
13 silly audit   'fast-xml-parser': [ '5.4.2' ],
13 silly audit   fastq: [ '1.20.1' ],
13 silly audit   'faye-websocket': [ '0.11.4' ],
13 silly audit   'fb-watchman': [ '2.0.2' ],
13 silly audit   'fetch-blob': [ '3.2.0' ],
13 silly audit   fflate: [ '0.8.2' ],
13 silly audit   'file-entry-cache': [ '8.0.0' ],
13 silly audit   'fill-range': [ '7.1.1' ],
13 silly audit   firebase: [ '12.10.0' ],
13 silly audit   'firebase-admin': [ '13.7.0' ],
13 silly audit   'flat-cache': [ '4.0.1' ],
13 silly audit   flatted: [ '3.3.4' ],
13 silly audit   'follow-redirects': [ '1.15.11' ],
13 silly audit   'for-each': [ '0.3.5' ],
13 silly audit   'foreground-child': [ '3.3.1' ],
13 silly audit   'signal-exit': [ '4.1.0', '3.0.7' ],
13 silly audit   'formdata-polyfill': [ '4.0.10' ],
13 silly audit   'fraction.js': [ '5.3.4' ],
13 silly audit   'fs.realpath': [ '1.0.0' ],
13 silly audit   fsevents: [ '2.3.3' ],
13 silly audit   'function-bind': [ '1.1.2' ],
13 silly audit   'function.prototype.name': [ '1.1.8' ],
13 silly audit   'functional-red-black-tree': [ '1.0.1' ],
13 silly audit   'functions-have-names': [ '1.2.3' ],
13 silly audit   gaxios: [ '6.7.1', '7.1.4', '7.1.3' ],
13 silly audit   'node-fetch': [ '3.3.2', '2.7.0' ],
13 silly audit   'generator-function': [ '2.0.1' ],
13 silly audit   gensync: [ '1.0.0-beta.2' ],
13 silly audit   'get-caller-file': [ '2.0.5' ],
13 silly audit   'get-intrinsic': [ '1.3.0' ],
13 silly audit   'get-package-type': [ '0.1.0' ],
13 silly audit   'get-proto': [ '1.0.1' ],
13 silly audit   'get-stream': [ '6.0.1' ],
13 silly audit   'get-symbol-description': [ '1.1.0' ],
13 silly audit   'get-tsconfig': [ '4.13.6' ],
13 silly audit   glob: [ '7.2.3', '10.5.0' ],
13 silly audit   globalthis: [ '1.0.4' ],
13 silly audit   'google-gax': [ '4.6.1' ],
13 silly audit   gopd: [ '1.2.0' ],
13 silly audit   'graceful-fs': [ '4.2.11' ],
13 silly audit   gtoken: [ '7.1.0' ],
13 silly audit   'has-bigints': [ '1.1.0' ],
13 silly audit   'has-flag': [ '4.0.0' ],
13 silly audit   'has-property-descriptors': [ '1.0.2' ],
13 silly audit   'has-proto': [ '1.2.0' ],
13 silly audit   'has-symbols': [ '1.1.0' ],
13 silly audit   'has-tostringtag': [ '1.0.2' ],
13 silly audit   hasown: [ '2.0.2' ],
13 silly audit   'hermes-estree': [ '0.25.1' ],
13 silly audit   'hermes-parser': [ '0.25.1' ],
13 silly audit   'html-entities': [ '2.6.0' ],
13 silly audit   'html-escaper': [ '2.0.2' ],
13 silly audit   html2canvas: [ '1.4.1' ],
13 silly audit   'html2pdf.js': [ '0.14.0' ],
13 silly audit   'http-parser-js': [ '0.5.10' ],
13 silly audit   'http-proxy-agent': [ '5.0.0' ],
13 silly audit   'https-proxy-agent': [ '7.0.6', '5.0.1' ],
13 silly audit   'human-signals': [ '2.1.0' ],
13 silly audit   idb: [ '7.1.1' ],
13 silly audit   'import-fresh': [ '3.3.1' ],
13 silly audit   'import-local': [ '3.2.0' ],
13 silly audit   imurmurhash: [ '0.1.4' ],
13 silly audit   'indent-string': [ '4.0.0' ],
13 silly audit   inflight: [ '1.0.6' ],
13 silly audit   inherits: [ '2.0.4' ],
13 silly audit   'internal-slot': [ '1.1.0' ],
13 silly audit   internmap: [ '2.0.3' ],
13 silly audit   iobuffer: [ '5.4.0' ],
13 silly audit   'is-arguments': [ '1.2.0' ],
13 silly audit   'is-array-buffer': [ '3.0.5' ],
13 silly audit   'is-arrayish': [ '0.2.1' ],
13 silly audit   'is-async-function': [ '2.1.1' ],
13 silly audit   'is-bigint': [ '1.1.0' ],
13 silly audit   'is-binary-path': [ '2.1.0' ],
13 silly audit   'is-boolean-object': [ '1.2.2' ],
13 silly audit   'is-bun-module': [ '2.0.0' ],
13 silly audit   'is-callable': [ '1.2.7' ],
13 silly audit   'is-core-module': [ '2.16.1' ],
13 silly audit   'is-data-view': [ '1.0.2' ],
13 silly audit   'is-date-object': [ '1.1.0' ],
13 silly audit   'is-extglob': [ '2.1.1' ],
13 silly audit   'is-finalizationregistry': [ '1.1.1' ],
13 silly audit   'is-fullwidth-code-point': [ '3.0.0' ],
13 silly audit   'is-generator-fn': [ '2.1.0' ],
13 silly audit   'is-generator-function': [ '1.1.2' ],
13 silly audit   'is-glob': [ '4.0.3' ],
13 silly audit   'is-map': [ '2.0.3' ],
13 silly audit   'is-negative-zero': [ '2.0.3' ],
13 silly audit   'is-number': [ '7.0.0' ],
13 silly audit   'is-number-object': [ '1.1.1' ],
13 silly audit   'is-regex': [ '1.2.1' ],
13 silly audit   'is-set': [ '2.0.3' ],
13 silly audit   'is-shared-array-buffer': [ '1.0.4' ],
13 silly audit   'is-stream': [ '2.0.1' ],
13 silly audit   'is-string': [ '1.1.1' ],
13 silly audit   'is-symbol': [ '1.1.1' ],
13 silly audit   'is-typed-array': [ '1.1.15' ],
13 silly audit   'is-weakmap': [ '2.0.2' ],
13 silly audit   'is-weakref': [ '1.1.1' ],
13 silly audit   'is-weakset': [ '2.0.4' ],
13 silly audit   isarray: [ '2.0.5' ],
13 silly audit   isexe: [ '2.0.0' ],
13 silly audit   'istanbul-lib-coverage': [ '3.2.2' ],
13 silly audit   'istanbul-lib-report': [ '3.0.1' ],
13 silly audit   'istanbul-lib-source-maps': [ '4.0.1' ],
13 silly audit   'istanbul-reports': [ '3.2.0' ],
13 silly audit   'iterator.prototype': [ '1.1.5' ],
13 silly audit   jackspeak: [ '3.4.3' ],
13 silly audit   jest: [ '29.7.0' ],
13 silly audit   'jest-changed-files': [ '29.7.0' ],
13 silly audit   'jest-circus': [ '29.7.0' ],
13 silly audit   'jest-cli': [ '29.7.0' ],
13 silly audit   'jest-config': [ '29.7.0' ],
13 silly audit   'jest-diff': [ '29.7.0' ],
13 silly audit   'jest-docblock': [ '29.7.0' ],
13 silly audit   'jest-each': [ '29.7.0' ],
13 silly audit   'jest-environment-node': [ '29.7.0' ],
13 silly audit   'jest-get-type': [ '29.6.3' ],
13 silly audit   'jest-haste-map': [ '29.7.0' ],
13 silly audit   'jest-leak-detector': [ '29.7.0' ],
13 silly audit   'jest-matcher-utils': [ '29.7.0' ],
13 silly audit   'jest-message-util': [ '29.7.0' ],
13 silly audit   'jest-mock': [ '29.7.0' ],
13 silly audit   'jest-pnp-resolver': [ '1.2.3' ],
13 silly audit   'jest-regex-util': [ '29.6.3' ],
13 silly audit   'jest-resolve': [ '29.7.0' ],
13 silly audit   'jest-resolve-dependencies': [ '29.7.0' ],
13 silly audit   'jest-runner': [ '29.7.0' ],
13 silly audit   'jest-runtime': [ '29.7.0' ],
13 silly audit   'jest-snapshot': [ '29.7.0' ],
13 silly audit   'jest-util': [ '29.7.0' ],
13 silly audit   'jest-validate': [ '29.7.0' ],
13 silly audit   'jest-watcher': [ '29.7.0' ],
13 silly audit   'jest-worker': [ '29.7.0' ],
13 silly audit   'supports-color': [ '8.1.1', '7.2.0' ],
13 silly audit   jiti: [ '1.21.7' ],
13 silly audit   jose: [ '4.15.9' ],
13 silly audit   'js-tokens': [ '4.0.0' ],
13 silly audit   jsesc: [ '3.1.0' ],
13 silly audit   'json-bigint': [ '1.0.0' ],
13 silly audit   'json-buffer': [ '3.0.1' ],
13 silly audit   'json-parse-even-better-errors': [ '2.3.1' ],
13 silly audit   'json-schema-traverse': [ '0.4.1' ],
13 silly audit   'json-stable-stringify-without-jsonify': [ '1.0.1' ],
13 silly audit   json5: [ '2.2.3', '1.0.2' ],
13 silly audit   jsonwebtoken: [ '9.0.3' ],
13 silly audit   jspdf: [ '4.2.0' ],
13 silly audit   'jsx-ast-utils': [ '3.3.5' ],
13 silly audit   jwa: [ '2.0.1' ],
13 silly audit   'jwks-rsa': [ '3.2.2' ],
13 silly audit   jws: [ '4.0.1' ],
13 silly audit   keyv: [ '4.5.4' ],
13 silly audit   kleur: [ '3.0.3' ],
13 silly audit   'language-subtag-registry': [ '0.3.23' ],
13 silly audit   'language-tags': [ '1.0.9' ],
13 silly audit   leven: [ '3.1.0' ],
13 silly audit   levn: [ '0.4.1' ],
13 silly audit   lilconfig: [ '3.1.3' ],
13 silly audit   limiter: [ '1.1.5' ],
13 silly audit   'lines-and-columns': [ '1.2.4' ],
13 silly audit   lodash: [ '4.17.23' ],
13 silly audit   'lodash.camelcase': [ '4.3.0' ],
13 silly audit   'lodash.clonedeep': [ '4.5.0' ],
13 silly audit   'lodash.includes': [ '4.3.0' ],
13 silly audit   'lodash.isboolean': [ '3.0.3' ],
13 silly audit   'lodash.isinteger': [ '4.0.4' ],
13 silly audit   'lodash.isnumber': [ '3.0.3' ],
13 silly audit   'lodash.isplainobject': [ '4.0.6' ],
13 silly audit   'lodash.isstring': [ '4.0.1' ],
13 silly audit   'lodash.merge': [ '4.6.2' ],
13 silly audit   'lodash.once': [ '4.1.1' ],
13 silly audit   long: [ '5.3.2' ],
13 silly audit   'loose-envify': [ '1.4.0' ],
13 silly audit   'lru-cache': [ '5.1.1', '6.0.0', '10.4.3' ],
13 silly audit   'lru-memoizer': [ '2.3.0' ],
13 silly audit   yallist: [ '4.0.0', '3.1.1' ],
13 silly audit   'lz-string': [ '1.5.0' ],
13 silly audit   'make-dir': [ '4.0.0' ],
13 silly audit   makeerror: [ '1.0.12' ],
13 silly audit   'math-intrinsics': [ '1.1.0' ],
13 silly audit   'merge-stream': [ '2.0.0' ],
13 silly audit   merge2: [ '1.4.1' ],
13 silly audit   micromatch: [ '4.0.8' ],
13 silly audit   mime: [ '3.0.0' ],
13 silly audit   'mime-db': [ '1.52.0' ],
13 silly audit   'mime-types': [ '2.1.35' ],
13 silly audit   'mimic-fn': [ '2.1.0' ],
13 silly audit   'min-indent': [ '1.0.1' ],
13 silly audit   minimist: [ '1.2.8' ],
13 silly audit   minipass: [ '7.1.3' ],
13 silly audit   ms: [ '2.1.3' ],
13 silly audit   mz: [ '2.7.0' ],
13 silly audit   nanoid: [ '3.3.11' ],
13 silly audit   'napi-postinstall': [ '0.3.4' ],
13 silly audit   'natural-compare': [ '1.4.0' ],
13 silly audit   next: [ '16.1.6' ],
13 silly audit   postcss: [ '8.4.31', '8.5.8' ],
13 silly audit   'node-domexception': [ '1.0.0' ],
13 silly audit   'node-exports-info': [ '1.6.0' ],
13 silly audit   'node-forge': [ '1.3.3' ],
13 silly audit   'node-int64': [ '0.4.0' ],
13 silly audit   'node-releases': [ '2.0.36' ],
13 silly audit   'normalize-path': [ '3.0.0' ],
13 silly audit   'npm-run-path': [ '4.0.1' ],
13 silly audit   'object-assign': [ '4.1.1' ],
13 silly audit   'object-hash': [ '3.0.0' ],
13 silly audit   'object-inspect': [ '1.13.4' ],
13 silly audit   'object-is': [ '1.1.6' ],
13 silly audit   'object-keys': [ '1.1.1' ],
13 silly audit   'object.assign': [ '4.1.7' ],
13 silly audit   'object.entries': [ '1.1.9' ],
13 silly audit   'object.fromentries': [ '2.0.8' ],
13 silly audit   'object.groupby': [ '1.0.3' ],
13 silly audit   'object.values': [ '1.2.1' ],
13 silly audit   once: [ '1.4.0' ],
13 silly audit   onetime: [ '5.1.2' ],
13 silly audit   optionator: [ '0.9.4' ],
13 silly audit   'own-keys': [ '1.0.1' ],
13 silly audit   'p-try': [ '2.2.0' ],
13 silly audit   'package-json-from-dist': [ '1.0.1' ],
13 silly audit   pako: [ '2.1.0' ],
13 silly audit   'parent-module': [ '1.0.1' ],
13 silly audit   'parse-json': [ '5.2.0' ],
13 silly audit   'path-exists': [ '4.0.0' ],
13 silly audit   'path-is-absolute': [ '1.0.1' ],
13 silly audit   'path-key': [ '3.1.1' ],
13 silly audit   'path-parse': [ '1.0.7' ],
13 silly audit   'path-scurry': [ '1.11.1' ],
13 silly audit   'performance-now': [ '2.1.0' ],
13 silly audit   picocolors: [ '1.1.1' ],
13 silly audit   picomatch: [ '2.3.1', '4.0.3' ],
13 silly audit   pify: [ '2.3.0' ],
13 silly audit   pirates: [ '4.0.7' ],
13 silly audit   'pkg-dir': [ '4.2.0' ],
13 silly audit   'possible-typed-array-names': [ '1.1.0' ],
13 silly audit   'postcss-import': [ '15.1.0' ],
13 silly audit   'postcss-js': [ '4.1.0' ],
13 silly audit   'postcss-load-config': [ '6.0.1' ],
13 silly audit   'postcss-nested': [ '6.2.0' ],
13 silly audit   'postcss-selector-parser': [ '6.1.2' ],
13 silly audit   'postcss-value-parser': [ '4.2.0' ],
13 silly audit   'prelude-ls': [ '1.2.1' ],
13 silly audit   prettier: [ '3.8.1' ],
13 silly audit   prompts: [ '2.4.2' ],
13 silly audit   'prop-types': [ '15.8.1' ],
13 silly audit   'proto3-json-serializer': [ '2.0.2' ],
13 silly audit   protobufjs: [ '7.5.4' ],
13 silly audit   'proxy-from-env': [ '1.1.0' ],
13 silly audit   punycode: [ '2.3.1' ],
13 silly audit   'pure-rand': [ '6.1.0' ],
13 silly audit   'queue-microtask': [ '1.2.3' ],
13 silly audit   raf: [ '3.4.1' ],
13 silly audit   react: [ '18.3.1' ],
13 silly audit   'react-chartjs-2': [ '5.3.1' ],
13 silly audit   'react-dom': [ '18.3.1' ],
13 silly audit   'react-smooth': [ '4.0.4' ],
13 silly audit   'react-transition-group': [ '4.4.5' ],
13 silly audit   'read-cache': [ '1.0.0' ],
13 silly audit   'readable-stream': [ '3.6.2' ],
13 silly audit   readdirp: [ '3.6.0' ],
13 silly audit   recharts: [ '2.15.4' ],
13 silly audit   'recharts-scale': [ '0.4.5' ],
13 silly audit   redent: [ '3.0.0' ],
13 silly audit   'reflect.getprototypeof': [ '1.0.10' ],
13 silly audit   'regenerator-runtime': [ '0.13.11' ],
13 silly audit   'regexp.prototype.flags': [ '1.5.4' ],
13 silly audit   'require-directory': [ '2.1.1' ],
13 silly audit   'resolve-cwd': [ '3.0.0' ],
13 silly audit   'resolve-pkg-maps': [ '1.0.0' ],
13 silly audit   'resolve.exports': [ '2.0.3' ],
13 silly audit   retry: [ '0.13.1' ],
13 silly audit   'retry-request': [ '7.0.2' ],
13 silly audit   reusify: [ '1.1.0' ],
13 silly audit   rgbcolor: [ '1.0.1' ],
13 silly audit   rimraf: [ '5.0.10' ],
13 silly audit   'run-parallel': [ '1.2.0' ],
13 silly audit   'safe-array-concat': [ '1.1.3' ],
13 silly audit   'safe-buffer': [ '5.2.1' ],
13 silly audit   'safe-push-apply': [ '1.0.0' ],
13 silly audit   'safe-regex-test': [ '1.1.0' ],
13 silly audit   scheduler: [ '0.23.2' ],
13 silly audit   'set-function-length': [ '1.2.2' ],
13 silly audit   'set-function-name': [ '2.0.2' ],
13 silly audit   'set-proto': [ '1.0.0' ],
13 silly audit   sharp: [ '0.34.5' ],
13 silly audit   'shebang-command': [ '2.0.0' ],
13 silly audit   'shebang-regex': [ '3.0.0' ],
13 silly audit   'side-channel': [ '1.1.0' ],
13 silly audit   'side-channel-list': [ '1.0.0' ],
13 silly audit   'side-channel-map': [ '1.0.1' ],
13 silly audit   'side-channel-weakmap': [ '1.0.2' ],
13 silly audit   sisteransi: [ '1.0.5' ],
13 silly audit   slash: [ '3.0.0' ],
13 silly audit   'source-map': [ '0.6.1' ],
13 silly audit   'source-map-js': [ '1.2.1' ],
13 silly audit   'source-map-support': [ '0.5.13' ],
13 silly audit   'sprintf-js': [ '1.0.3' ],
13 silly audit   'stable-hash': [ '0.0.5' ],
13 silly audit   'stack-utils': [ '2.0.6' ],
13 silly audit   'stackblur-canvas': [ '2.7.0' ],
13 silly audit   'stop-iteration-iterator': [ '1.1.0' ],
13 silly audit   'stream-events': [ '1.0.5' ],
13 silly audit   'stream-shift': [ '1.0.3' ],
13 silly audit   string_decoder: [ '1.3.0' ],
13 silly audit   'string-length': [ '4.0.2' ],
13 silly audit   'string.prototype.includes': [ '2.0.1' ],
13 silly audit   'string.prototype.matchall': [ '4.0.12' ],
13 silly audit   'string.prototype.repeat': [ '1.0.0' ],
13 silly audit   'string.prototype.trim': [ '1.2.10' ],
13 silly audit   'string.prototype.trimend': [ '1.0.9' ],
13 silly audit   'string.prototype.trimstart': [ '1.0.8' ],
13 silly audit   'strip-bom': [ '4.0.0', '3.0.0' ],
13 silly audit   'strip-final-newline': [ '2.0.0' ],
13 silly audit   'strip-indent': [ '3.0.0' ],
13 silly audit   'strip-json-comments': [ '3.1.1' ],
13 silly audit   strnum: [ '2.2.0' ],
13 silly audit   stubs: [ '3.0.0' ],
13 silly audit   'styled-jsx': [ '5.1.6' ],
13 silly audit   sucrase: [ '3.35.1' ],
13 silly audit   'supports-preserve-symlinks-flag': [ '1.0.0' ],
13 silly audit   'svg-pathdata': [ '6.0.3' ],
13 silly audit   'tailwind-merge': [ '2.6.1' ],
13 silly audit   tailwindcss: [ '3.4.19' ],
13 silly audit   'teeny-request': [ '9.0.0' ],
13 silly audit   'test-exclude': [ '6.0.0' ],
13 silly audit   'text-segmentation': [ '1.0.3' ],
13 silly audit   thenify: [ '3.3.1' ],
13 silly audit   'thenify-all': [ '1.6.0' ],
13 silly audit   'tiny-invariant': [ '1.3.3' ],
13 silly audit   tinyglobby: [ '0.2.15' ],
13 silly audit   fdir: [ '6.5.0' ],
13 silly audit   tmpl: [ '1.0.5' ],
13 silly audit   'to-regex-range': [ '5.0.1' ],
13 silly audit   tr46: [ '0.0.3' ],
13 silly audit   'ts-api-utils': [ '2.4.0' ],
13 silly audit   'ts-interface-checker': [ '0.1.13' ],
13 silly audit   'tsconfig-paths': [ '3.15.0' ],
13 silly audit   tslib: [ '2.8.1' ],
13 silly audit   'type-check': [ '0.4.0' ],
13 silly audit   'type-detect': [ '4.0.8' ],
13 silly audit   'type-fest': [ '0.21.3' ],
13 silly audit   'typed-array-buffer': [ '1.0.3' ],
13 silly audit   'typed-array-byte-length': [ '1.0.3' ],
13 silly audit   'typed-array-byte-offset': [ '1.0.4' ],
13 silly audit   'typed-array-length': [ '1.0.7' ],
13 silly audit   typescript: [ '5.9.3' ],
13 silly audit   'typescript-eslint': [ '8.56.1' ],
13 silly audit   'unbox-primitive': [ '1.1.0' ],
13 silly audit   'undici-types': [ '6.21.0' ],
13 silly audit   'unrs-resolver': [ '1.11.1' ],
13 silly audit   'update-browserslist-db': [ '1.2.3' ],
13 silly audit   'uri-js': [ '4.4.1' ],
13 silly audit   'use-sync-external-store': [ '1.6.0' ],
13 silly audit   'util-deprecate': [ '1.0.2' ],
13 silly audit   utrie: [ '1.0.2' ],
13 silly audit   'v8-to-istanbul': [ '9.3.0' ],
13 silly audit   'victory-vendor': [ '36.9.2' ],
13 silly audit   walker: [ '1.0.8' ],
13 silly audit   'web-streams-polyfill': [ '3.3.3' ],
13 silly audit   'web-vitals': [ '4.2.4' ],
13 silly audit   'webidl-conversions': [ '3.0.1' ],
13 silly audit   'websocket-driver': [ '0.7.4' ],
13 silly audit   'websocket-extensions': [ '0.1.4' ],
13 silly audit   'whatwg-url': [ '5.0.0' ],
13 silly audit   which: [ '2.0.2' ],
13 silly audit   'which-boxed-primitive': [ '1.1.1' ],
13 silly audit   'which-builtin-type': [ '1.2.1' ],
13 silly audit   'which-collection': [ '1.0.2' ],
13 silly audit   'which-typed-array': [ '1.1.20' ],
13 silly audit   'word-wrap': [ '1.2.5' ],
13 silly audit   wrappy: [ '1.0.2' ],
13 silly audit   'write-file-atomic': [ '4.0.2' ],
13 silly audit   y18n: [ '5.0.8' ],
13 silly audit   yargs: [ '17.7.2' ],
13 silly audit   'yargs-parser': [ '21.1.1' ],
13 silly audit   'yocto-queue': [ '0.1.0' ],
13 silly audit   zod: [ '3.25.76' ],
13 silly audit   'zod-validation-error': [ '4.0.2' ],
13 silly audit   zustand: [ '4.5.7' ],
13 silly audit   '@dataconnect/admin-generated': [ '0.0.1' ],
13 silly audit   '@dataconnect/generated': [ '1.0.0' ]
13 silly audit }
14 verbose audit error FetchError: request to https://registry.npmjs.org/-/npm/v1/security/advisories/bulk failed, reason: 
14 verbose audit error     at ClientRequest.<anonymous> (C:\Users\pbrya\AppData\Roaming\npm\node_modules\npm\node_modules\minipass-fetch\lib\index.js:130:14)
14 verbose audit error     at ClientRequest.emit (node:events:508:28)
14 verbose audit error     at emitErrorEvent (node:_http_client:108:11)
14 verbose audit error     at _destroy (node:_http_client:962:9)
14 verbose audit error     at onSocketNT (node:_http_client:982:5)
14 verbose audit error     at process.processTicksAndRejections (node:internal/process/task_queues:90:21) {
14 verbose audit error   code: 'EACCES',
14 verbose audit error   errno: 'EACCES',
14 verbose audit error   type: 'system'
14 verbose audit error }
15 silly audit error undefined
16 silly audit report null
17 warn audit request to https://registry.npmjs.org/-/npm/v1/security/advisories/bulk failed, reason: 
18 error audit endpoint returned an error
19 verbose cwd C:\Users\pbrya\OneDrive\Documents\GitHub\GRADES-AND-ASSESSMENT-MANAGEMENT-SYSTEM
20 verbose os Windows_NT 10.0.19045
21 verbose node v24.12.0
22 verbose npm  v11.11.0
23 verbose exit 1
24 verbose code 1
25 error A complete log of this run can be found in: C:\Users\pbrya\OneDrive\Documents\GitHub\GRADES-AND-ASSESSMENT-MANAGEMENT-SYSTEM\.npm-cache\_logs\2026-03-08T15_17_05_052Z-debug-0.log
